# JRE version: OpenJDK Runtime Environment Temurin-21.0.10+7 (21.0.10+7) (build 21.0.10+7-LTS)
# Java VM: OpenJDK 64-Bit Server VM Temurin-21.0.10+7 (21.0.10+7-LTS, mixed mode, sharing, tiered, compressed oops, compressed class ptrs, g1 gc, windows-amd64)
GC Precious Log:
 CardTable entry size: 512
 Card Set container configuration: InlinePtr #cards 5 size 8 Array Of Cards #cards 12 size 40 Howl #buckets 4 coarsen threshold 1843 Howl Bitmap #cards 512 size 80 coarsen threshold 460 Card regions per heap region 1 cards per card region 2048
 CPUs: 12 total, 12 available
 Memory: 15150M
 Large Page Support: Disabled
 NUMA Support: Disabled
 Compressed Oops: Enabled (32-bit)
 Heap Region Size: 1M
 Heap Min Capacity: 8M
 Heap Initial Capacity: 238M
 Heap Max Capacity: 2G
 Pre-touch: Disabled
 Parallel Workers: 10
 Concurrent Workers: 3
 Concurrent Refinement Workers: 10
 Periodic GC: Disabled
Heap:
 garbage-first heap   total 116736K, used 80358K [0x0000000080000000, 0x0000000100000000)
  region size 1024K, 14 young (14336K), 3 survivors (3072K)
 Metaspace       used 76200K, committed 78400K, reserved 557056K
  class space    used 10977K, committed 12032K, reserved 425984K
GC Heap History (20 events):
Event: 21.127 GC heap before
{Heap before GC invocations=13 (full 0):
 garbage-first heap   total 104448K, used 93214K [0x0000000080000000, 0x0000000100000000)
  region size 1024K, 54 young (55296K), 6 survivors (6144K)
 Metaspace       used 57660K, committed 59520K, reserved 491520K
  class space    used 8399K, committed 9280K, reserved 425984K
}
Event: 21.138 GC heap after
{Heap after GC invocations=14 (full 0):
 garbage-first heap   total 104448K, used 48443K [0x0000000080000000, 0x0000000100000000)
  region size 1024K, 7 young (7168K), 7 survivors (7168K)
 Metaspace       used 57660K, committed 59520K, reserved 491520K
  class space    used 8399K, committed 9280K, reserved 425984K
}
Event: 21.718 GC heap before
{Heap before GC invocations=14 (full 0):
 garbage-first heap   total 104448K, used 73019K [0x0000000080000000, 0x0000000100000000)
  region size 1024K, 30 young (30720K), 7 survivors (7168K)
 Metaspace       used 58526K, committed 60352K, reserved 491520K
  class space    used 8497K, committed 9344K, reserved 425984K
}
Event: 21.725 GC heap after
{Heap after GC invocations=15 (full 0):
 garbage-first heap   total 104448K, used 55151K [0x0000000080000000, 0x0000000100000000)
  region size 1024K, 6 young (6144K), 6 survivors (6144K)
 Metaspace       used 58526K, committed 60352K, reserved 491520K
  class space    used 8497K, committed 9344K, reserved 425984K
}
Event: 23.063 GC heap before
{Heap before GC invocations=16 (full 0):
 garbage-first heap   total 104448K, used 93039K [0x0000000080000000, 0x0000000100000000)
  region size 1024K, 40 young (40960K), 6 survivors (6144K)
 Metaspace       used 61913K, committed 63872K, reserved 491520K
  class space    used 8967K, committed 9920K, reserved 425984K
}
Event: 23.068 GC heap after
{Heap after GC invocations=17 (full 0):
 garbage-first heap   total 104448K, used 60400K [0x0000000080000000, 0x0000000100000000)
  region size 1024K, 3 young (3072K), 3 survivors (3072K)
 Metaspace       used 61913K, committed 63872K, reserved 491520K
  class space    used 8967K, committed 9920K, reserved 425984K
}
Event: 23.973 GC heap before
{Heap before GC invocations=17 (full 0):
 garbage-first heap   total 104448K, used 92144K [0x0000000080000000, 0x0000000100000000)
  region size 1024K, 34 young (34816K), 3 survivors (3072K)
 Metaspace       used 64012K, committed 65920K, reserved 491520K
  class space    used 9243K, committed 10176K, reserved 425984K
}
Event: 23.977 GC heap after
{Heap after GC invocations=18 (full 0):
 garbage-first heap   total 104448K, used 60570K [0x0000000080000000, 0x0000000100000000)
  region size 1024K, 3 young (3072K), 3 survivors (3072K)
 Metaspace       used 64012K, committed 65920K, reserved 491520K
  class space    used 9243K, committed 10176K, reserved 425984K
}
Event: 24.668 GC heap before
{Heap before GC invocations=18 (full 0):
 garbage-first heap   total 104448K, used 93338K [0x0000000080000000, 0x0000000100000000)
  region size 1024K, 35 young (35840K), 3 survivors (3072K)
 Metaspace       used 67088K, committed 69056K, reserved 491520K
  class space    used 9747K, committed 10688K, reserved 425984K
}
Event: 24.674 GC heap after
{Heap after GC invocations=19 (full 0):
 garbage-first heap   total 104448K, used 62226K [0x0000000080000000, 0x0000000100000000)
  region size 1024K, 3 young (3072K), 3 survivors (3072K)
 Metaspace       used 67088K, committed 69056K, reserved 491520K
  class space    used 9747K, committed 10688K, reserved 425984K
}
Event: 25.400 GC heap before
{Heap before GC invocations=20 (full 0):
 garbage-first heap   total 106496K, used 94994K [0x0000000080000000, 0x0000000100000000)
  region size 1024K, 35 young (35840K), 3 survivors (3072K)
 Metaspace       used 68800K, committed 70720K, reserved 491520K
  class space    used 10007K, committed 10944K, reserved 425984K
}
Event: 25.406 GC heap after
{Heap after GC invocations=21 (full 0):
 garbage-first heap   total 106496K, used 63214K [0x0000000080000000, 0x0000000100000000)
  region size 1024K, 4 young (4096K), 4 survivors (4096K)
 Metaspace       used 68800K, committed 70720K, reserved 491520K
  class space    used 10007K, committed 10944K, reserved 425984K
}
Event: 26.578 GC heap before
{Heap before GC invocations=21 (full 0):
 garbage-first heap   total 106496K, used 98030K [0x0000000080000000, 0x0000000100000000)
  region size 1024K, 38 young (38912K), 4 survivors (4096K)
 Metaspace       used 70279K, committed 72320K, reserved 491520K
  class space    used 10224K, committed 11200K, reserved 425984K
}
Event: 26.585 GC heap after
{Heap after GC invocations=22 (full 0):
 garbage-first heap   total 106496K, used 65368K [0x0000000080000000, 0x0000000100000000)
  region size 1024K, 5 young (5120K), 5 survivors (5120K)
 Metaspace       used 70279K, committed 72320K, reserved 491520K
  class space    used 10224K, committed 11200K, reserved 425984K
}
Event: 27.919 GC heap before
{Heap before GC invocations=22 (full 0):
 garbage-first heap   total 106496K, used 98136K [0x0000000080000000, 0x0000000100000000)
  region size 1024K, 37 young (37888K), 5 survivors (5120K)
 Metaspace       used 71122K, committed 73280K, reserved 491520K
  class space    used 10278K, committed 11328K, reserved 425984K
}
Event: 27.927 GC heap after
{Heap after GC invocations=23 (full 0):
 garbage-first heap   total 107520K, used 68939K [0x0000000080000000, 0x0000000100000000)
  region size 1024K, 5 young (5120K), 5 survivors (5120K)
 Metaspace       used 71122K, committed 73280K, reserved 491520K
  class space    used 10278K, committed 11328K, reserved 425984K
}
Event: 28.797 GC heap before
{Heap before GC invocations=24 (full 0):
 garbage-first heap   total 116736K, used 95563K [0x0000000080000000, 0x0000000100000000)
  region size 1024K, 32 young (32768K), 5 survivors (5120K)
 Metaspace       used 73506K, committed 75648K, reserved 491520K
  class space    used 10594K, committed 11648K, reserved 425984K
}
Event: 28.803 GC heap after
{Heap after GC invocations=25 (full 0):
 garbage-first heap   total 116736K, used 70346K [0x0000000080000000, 0x0000000100000000)
  region size 1024K, 2 young (2048K), 2 survivors (2048K)
 Metaspace       used 73506K, committed 75648K, reserved 491520K
  class space    used 10594K, committed 11648K, reserved 425984K
}
Event: 29.536 GC heap before
{Heap before GC invocations=25 (full 0):
 garbage-first heap   total 116736K, used 103114K [0x0000000080000000, 0x0000000100000000)
  region size 1024K, 35 young (35840K), 2 survivors (2048K)
 Metaspace       used 76185K, committed 78336K, reserved 557056K
  class space    used 10975K, committed 12032K, reserved 425984K
}
Event: 29.541 GC heap after
{Heap after GC invocations=26 (full 0):
 garbage-first heap   total 116736K, used 70118K [0x0000000080000000, 0x0000000100000000)
  region size 1024K, 3 young (3072K), 3 survivors (3072K)
 Metaspace       used 76185K, committed 78336K, reserved 557056K
  class space    used 10975K, committed 12032K, reserved 425984K
}

