# JRE version: OpenJDK Runtime Environment Temurin-21.0.10+7 (21.0.10+7) (build 21.0.10+7-LTS)
# Java VM: OpenJDK 64-Bit Server VM Temurin-21.0.10+7 (21.0.10+7-LTS, mixed mode, sharing, tiered, compressed oops, compressed class ptrs, parallel gc, windows-amd64)
GC Precious Log:
 CardTable entry size: 512
 CPUs: 12 total, 12 available
 Memory: 15150M
 Large Page Support: Disabled
 NUMA Support: Disabled
 Compressed Oops: Enabled (32-bit)
 Alignments: Space 512K, Generation 512K, Heap 2M
 Heap Min Capacity: 100M
 Heap Initial Capacity: 100M
 Heap Max Capacity: 2G
 Pre-touch: Disabled
 Parallel Workers: 10
Heap:
 PSYoungGen      total 16896K, used 13591K [0x00000000d5580000, 0x00000000d7c00000, 0x0000000100000000)
  eden space 12800K, 74% used [0x00000000d5580000,0x00000000d5ec6790,0x00000000d6200000)
  from space 4096K, 99% used [0x00000000d6c00000,0x00000000d6fff578,0x00000000d7000000)
  to   space 10240K, 0% used [0x00000000d6200000,0x00000000d6200000,0x00000000d6c00000)
 ParOldGen       total 818176K, used 487140K [0x0000000080000000, 0x00000000b1f00000, 0x00000000d5580000)
  object space 818176K, 59% used [0x0000000080000000,0x000000009dbb9328,0x00000000b1f00000)
 Metaspace       used 124420K, committed 126784K, reserved 1179648K
  class space    used 16184K, committed 17280K, reserved 1048576K
GC Heap History (20 events):
Event: 7214.540 GC heap before
{Heap before GC invocations=3863 (full 4):
 PSYoungGen      total 24064K, used 23776K [0x00000000d5580000, 0x00000000d7200000, 0x0000000100000000)
  eden space 22528K, 100% used [0x00000000d5580000,0x00000000d6b80000,0x00000000d6b80000)
  from space 1536K, 81% used [0x00000000d7080000,0x00000000d71b8020,0x00000000d7200000)
  to   space 1536K, 0% used [0x00000000d6f00000,0x00000000d6f00000,0x00000000d7080000)
 ParOldGen       total 818176K, used 459688K [0x0000000080000000, 0x00000000b1f00000, 0x00000000d5580000)
  object space 818176K, 56% used [0x0000000080000000,0x000000009c0ea040,0x00000000b1f00000)
 Metaspace       used 123873K, committed 126272K, reserved 1179648K
  class space    used 16151K, committed 17280K, reserved 1048576K
}
Event: 7214.554 GC heap after
{Heap after GC invocations=3863 (full 4):
 PSYoungGen      total 23552K, used 1534K [0x00000000d5580000, 0x00000000d7500000, 0x0000000100000000)
  eden space 22016K, 0% used [0x00000000d5580000,0x00000000d5580000,0x00000000d6b00000)
  from space 1536K, 99% used [0x00000000d6f00000,0x00000000d707f970,0x00000000d7080000)
  to   space 4608K, 0% used [0x00000000d7080000,0x00000000d7080000,0x00000000d7500000)
 ParOldGen       total 818176K, used 462637K [0x0000000080000000, 0x00000000b1f00000, 0x00000000d5580000)
  object space 818176K, 56% used [0x0000000080000000,0x000000009c3cb488,0x00000000b1f00000)
 Metaspace       used 123873K, committed 126272K, reserved 1179648K
  class space    used 16151K, committed 17280K, reserved 1048576K
}
Event: 7216.756 GC heap before
{Heap before GC invocations=3864 (full 4):
 PSYoungGen      total 23552K, used 23550K [0x00000000d5580000, 0x00000000d7500000, 0x0000000100000000)
  eden space 22016K, 100% used [0x00000000d5580000,0x00000000d6b00000,0x00000000d6b00000)
  from space 1536K, 99% used [0x00000000d6f00000,0x00000000d707f970,0x00000000d7080000)
  to   space 4608K, 0% used [0x00000000d7080000,0x00000000d7080000,0x00000000d7500000)
 ParOldGen       total 818176K, used 462637K [0x0000000080000000, 0x00000000b1f00000, 0x00000000d5580000)
  object space 818176K, 56% used [0x0000000080000000,0x000000009c3cb488,0x00000000b1f00000)
 Metaspace       used 124155K, committed 126528K, reserved 1179648K
  class space    used 16180K, committed 17280K, reserved 1048576K
}
Event: 7216.776 GC heap after
{Heap after GC invocations=3864 (full 4):
 PSYoungGen      total 23552K, used 4590K [0x00000000d5580000, 0x00000000d7c00000, 0x0000000100000000)
  eden space 18944K, 0% used [0x00000000d5580000,0x00000000d5580000,0x00000000d6800000)
  from space 4608K, 99% used [0x00000000d7080000,0x00000000d74fb900,0x00000000d7500000)
  to   space 8704K, 0% used [0x00000000d6800000,0x00000000d6800000,0x00000000d7080000)
 ParOldGen       total 818176K, used 465750K [0x0000000080000000, 0x00000000b1f00000, 0x00000000d5580000)
  object space 818176K, 56% used [0x0000000080000000,0x000000009c6d59d0,0x00000000b1f00000)
 Metaspace       used 124155K, committed 126528K, reserved 1179648K
  class space    used 16180K, committed 17280K, reserved 1048576K
}
Event: 7217.224 GC heap before
{Heap before GC invocations=3865 (full 4):
 PSYoungGen      total 23552K, used 23534K [0x00000000d5580000, 0x00000000d7c00000, 0x0000000100000000)
  eden space 18944K, 100% used [0x00000000d5580000,0x00000000d6800000,0x00000000d6800000)
  from space 4608K, 99% used [0x00000000d7080000,0x00000000d74fb900,0x00000000d7500000)
  to   space 8704K, 0% used [0x00000000d6800000,0x00000000d6800000,0x00000000d7080000)
 ParOldGen       total 818176K, used 465750K [0x0000000080000000, 0x00000000b1f00000, 0x00000000d5580000)
  object space 818176K, 56% used [0x0000000080000000,0x000000009c6d59d0,0x00000000b1f00000)
 Metaspace       used 124241K, committed 126592K, reserved 1179648K
  class space    used 16182K, committed 17280K, reserved 1048576K
}
Event: 7217.252 GC heap after
{Heap after GC invocations=3865 (full 4):
 PSYoungGen      total 22528K, used 3276K [0x00000000d5580000, 0x00000000d7200000, 0x0000000100000000)
  eden space 18944K, 0% used [0x00000000d5580000,0x00000000d5580000,0x00000000d6800000)
  from space 3584K, 91% used [0x00000000d6800000,0x00000000d6b33210,0x00000000d6b80000)
  to   space 5120K, 0% used [0x00000000d6d00000,0x00000000d6d00000,0x00000000d7200000)
 ParOldGen       total 818176K, used 470376K [0x0000000080000000, 0x00000000b1f00000, 0x00000000d5580000)
  object space 818176K, 57% used [0x0000000080000000,0x000000009cb5a348,0x00000000b1f00000)
 Metaspace       used 124241K, committed 126592K, reserved 1179648K
  class space    used 16182K, committed 17280K, reserved 1048576K
}
Event: 7217.327 GC heap before
{Heap before GC invocations=3866 (full 4):
 PSYoungGen      total 22528K, used 22220K [0x00000000d5580000, 0x00000000d7200000, 0x0000000100000000)
  eden space 18944K, 100% used [0x00000000d5580000,0x00000000d6800000,0x00000000d6800000)
  from space 3584K, 91% used [0x00000000d6800000,0x00000000d6b33210,0x00000000d6b80000)
  to   space 5120K, 0% used [0x00000000d6d00000,0x00000000d6d00000,0x00000000d7200000)
 ParOldGen       total 818176K, used 470376K [0x0000000080000000, 0x00000000b1f00000, 0x00000000d5580000)
  object space 818176K, 57% used [0x0000000080000000,0x000000009cb5a348,0x00000000b1f00000)
 Metaspace       used 124241K, committed 126592K, reserved 1179648K
  class space    used 16182K, committed 17280K, reserved 1048576K
}
Event: 7217.340 GC heap after
{Heap after GC invocations=3866 (full 4):
 PSYoungGen      total 19456K, used 256K [0x00000000d5580000, 0x00000000d6d80000, 0x0000000100000000)
  eden space 18944K, 0% used [0x00000000d5580000,0x00000000d5580000,0x00000000d6800000)
  from space 512K, 50% used [0x00000000d6d00000,0x00000000d6d40000,0x00000000d6d80000)
  to   space 2048K, 0% used [0x00000000d6980000,0x00000000d6980000,0x00000000d6b80000)
 ParOldGen       total 818176K, used 473026K [0x0000000080000000, 0x00000000b1f00000, 0x00000000d5580000)
  object space 818176K, 57% used [0x0000000080000000,0x000000009cdf0b60,0x00000000b1f00000)
 Metaspace       used 124241K, committed 126592K, reserved 1179648K
  class space    used 16182K, committed 17280K, reserved 1048576K
}
Event: 7217.466 GC heap before
{Heap before GC invocations=3867 (full 4):
 PSYoungGen      total 19456K, used 19200K [0x00000000d5580000, 0x00000000d6d80000, 0x0000000100000000)
  eden space 18944K, 100% used [0x00000000d5580000,0x00000000d6800000,0x00000000d6800000)
  from space 512K, 50% used [0x00000000d6d00000,0x00000000d6d40000,0x00000000d6d80000)
  to   space 2048K, 0% used [0x00000000d6980000,0x00000000d6980000,0x00000000d6b80000)
 ParOldGen       total 818176K, used 473026K [0x0000000080000000, 0x00000000b1f00000, 0x00000000d5580000)
  object space 818176K, 57% used [0x0000000080000000,0x000000009cdf0b60,0x00000000b1f00000)
 Metaspace       used 124268K, committed 126656K, reserved 1179648K
  class space    used 16184K, committed 17280K, reserved 1048576K
}
Event: 7217.483 GC heap after
{Heap after GC invocations=3867 (full 4):
 PSYoungGen      total 20992K, used 2023K [0x00000000d5580000, 0x00000000d7400000, 0x0000000100000000)
  eden space 18944K, 0% used [0x00000000d5580000,0x00000000d5580000,0x00000000d6800000)
  from space 2048K, 98% used [0x00000000d6980000,0x00000000d6b79c40,0x00000000d6b80000)
  to   space 6144K, 0% used [0x00000000d6e00000,0x00000000d6e00000,0x00000000d7400000)
 ParOldGen       total 818176K, used 475946K [0x0000000080000000, 0x00000000b1f00000, 0x00000000d5580000)
  object space 818176K, 58% used [0x0000000080000000,0x000000009d0cab50,0x00000000b1f00000)
 Metaspace       used 124268K, committed 126656K, reserved 1179648K
  class space    used 16184K, committed 17280K, reserved 1048576K
}
Event: 7217.877 GC heap before
{Heap before GC invocations=3868 (full 4):
 PSYoungGen      total 20992K, used 20967K [0x00000000d5580000, 0x00000000d7400000, 0x0000000100000000)
  eden space 18944K, 100% used [0x00000000d5580000,0x00000000d6800000,0x00000000d6800000)
  from space 2048K, 98% used [0x00000000d6980000,0x00000000d6b79c40,0x00000000d6b80000)
  to   space 6144K, 0% used [0x00000000d6e00000,0x00000000d6e00000,0x00000000d7400000)
 ParOldGen       total 818176K, used 475946K [0x0000000080000000, 0x00000000b1f00000, 0x00000000d5580000)
  object space 818176K, 58% used [0x0000000080000000,0x000000009d0cab50,0x00000000b1f00000)
 Metaspace       used 124293K, committed 126656K, reserved 1179648K
  class space    used 16184K, committed 17280K, reserved 1048576K
}
Event: 7217.889 GC heap after
{Heap after GC invocations=3868 (full 4):
 PSYoungGen      total 19968K, used 969K [0x00000000d5580000, 0x00000000d6f00000, 0x0000000100000000)
  eden space 18944K, 0% used [0x00000000d5580000,0x00000000d5580000,0x00000000d6800000)
  from space 1024K, 94% used [0x00000000d6e00000,0x00000000d6ef2708,0x00000000d6f00000)
  to   space 2560K, 0% used [0x00000000d6a00000,0x00000000d6a00000,0x00000000d6c80000)
 ParOldGen       total 818176K, used 477973K [0x0000000080000000, 0x00000000b1f00000, 0x00000000d5580000)
  object space 818176K, 58% used [0x0000000080000000,0x000000009d2c57e0,0x00000000b1f00000)
 Metaspace       used 124293K, committed 126656K, reserved 1179648K
  class space    used 16184K, committed 17280K, reserved 1048576K
}
Event: 7218.965 GC heap before
{Heap before GC invocations=3869 (full 4):
 PSYoungGen      total 19968K, used 19913K [0x00000000d5580000, 0x00000000d6f00000, 0x0000000100000000)
  eden space 18944K, 100% used [0x00000000d5580000,0x00000000d6800000,0x00000000d6800000)
  from space 1024K, 94% used [0x00000000d6e00000,0x00000000d6ef2708,0x00000000d6f00000)
  to   space 2560K, 0% used [0x00000000d6a00000,0x00000000d6a00000,0x00000000d6c80000)
 ParOldGen       total 818176K, used 477973K [0x0000000080000000, 0x00000000b1f00000, 0x00000000d5580000)
  object space 818176K, 58% used [0x0000000080000000,0x000000009d2c57e0,0x00000000b1f00000)
 Metaspace       used 124324K, committed 126656K, reserved 1179648K
  class space    used 16184K, committed 17280K, reserved 1048576K
}
Event: 7218.969 GC heap after
{Heap after GC invocations=3869 (full 4):
 PSYoungGen      total 21504K, used 1166K [0x00000000d5580000, 0x00000000d6e80000, 0x0000000100000000)
  eden space 18944K, 0% used [0x00000000d5580000,0x00000000d5580000,0x00000000d6800000)
  from space 2560K, 45% used [0x00000000d6a00000,0x00000000d6b23830,0x00000000d6c80000)
  to   space 1536K, 0% used [0x00000000d6d00000,0x00000000d6d00000,0x00000000d6e80000)
 ParOldGen       total 818176K, used 478355K [0x0000000080000000, 0x00000000b1f00000, 0x00000000d5580000)
  object space 818176K, 58% used [0x0000000080000000,0x000000009d324c80,0x00000000b1f00000)
 Metaspace       used 124324K, committed 126656K, reserved 1179648K
  class space    used 16184K, committed 17280K, reserved 1048576K
}
Event: 7219.157 GC heap before
{Heap before GC invocations=3870 (full 4):
 PSYoungGen      total 21504K, used 20110K [0x00000000d5580000, 0x00000000d6e80000, 0x0000000100000000)
  eden space 18944K, 100% used [0x00000000d5580000,0x00000000d6800000,0x00000000d6800000)
  from space 2560K, 45% used [0x00000000d6a00000,0x00000000d6b23830,0x00000000d6c80000)
  to   space 1536K, 0% used [0x00000000d6d00000,0x00000000d6d00000,0x00000000d6e80000)
 ParOldGen       total 818176K, used 478355K [0x0000000080000000, 0x00000000b1f00000, 0x00000000d5580000)
  object space 818176K, 58% used [0x0000000080000000,0x000000009d324c80,0x00000000b1f00000)
 Metaspace       used 124332K, committed 126656K, reserved 1179648K
  class space    used 16184K, committed 17280K, reserved 1048576K
}
Event: 7219.172 GC heap after
{Heap after GC invocations=3870 (full 4):
 PSYoungGen      total 20480K, used 1504K [0x00000000d5580000, 0x00000000d7100000, 0x0000000100000000)
  eden space 18944K, 0% used [0x00000000d5580000,0x00000000d5580000,0x00000000d6800000)
  from space 1536K, 97% used [0x00000000d6d00000,0x00000000d6e78010,0x00000000d6e80000)
  to   space 4608K, 0% used [0x00000000d6800000,0x00000000d6800000,0x00000000d6c80000)
 ParOldGen       total 818176K, used 480761K [0x0000000080000000, 0x00000000b1f00000, 0x00000000d5580000)
  object space 818176K, 58% used [0x0000000080000000,0x000000009d57e5c8,0x00000000b1f00000)
 Metaspace       used 124332K, committed 126656K, reserved 1179648K
  class space    used 16184K, committed 17280K, reserved 1048576K
}
Event: 7219.826 GC heap before
{Heap before GC invocations=3871 (full 4):
 PSYoungGen      total 20480K, used 20448K [0x00000000d5580000, 0x00000000d7100000, 0x0000000100000000)
  eden space 18944K, 100% used [0x00000000d5580000,0x00000000d6800000,0x00000000d6800000)
  from space 1536K, 97% used [0x00000000d6d00000,0x00000000d6e78010,0x00000000d6e80000)
  to   space 4608K, 0% used [0x00000000d6800000,0x00000000d6800000,0x00000000d6c80000)
 ParOldGen       total 818176K, used 480761K [0x0000000080000000, 0x00000000b1f00000, 0x00000000d5580000)
  object space 818176K, 58% used [0x0000000080000000,0x000000009d57e5c8,0x00000000b1f00000)
 Metaspace       used 124400K, committed 126784K, reserved 1179648K
  class space    used 16184K, committed 17280K, reserved 1048576K
}
Event: 7219.842 GC heap after
{Heap after GC invocations=3871 (full 4):
 PSYoungGen      total 23040K, used 3867K [0x00000000d5580000, 0x00000000d7000000, 0x0000000100000000)
  eden space 18944K, 0% used [0x00000000d5580000,0x00000000d5580000,0x00000000d6800000)
  from space 4096K, 94% used [0x00000000d6800000,0x00000000d6bc6e00,0x00000000d6c00000)
  to   space 4096K, 0% used [0x00000000d6c00000,0x00000000d6c00000,0x00000000d7000000)
 ParOldGen       total 818176K, used 482321K [0x0000000080000000, 0x00000000b1f00000, 0x00000000d5580000)
  object space 818176K, 58% used [0x0000000080000000,0x000000009d7045d8,0x00000000b1f00000)
 Metaspace       used 124400K, committed 126784K, reserved 1179648K
  class space    used 16184K, committed 17280K, reserved 1048576K
}
Event: 7221.015 GC heap before
{Heap before GC invocations=3872 (full 4):
 PSYoungGen      total 23040K, used 22811K [0x00000000d5580000, 0x00000000d7000000, 0x0000000100000000)
  eden space 18944K, 100% used [0x00000000d5580000,0x00000000d6800000,0x00000000d6800000)
  from space 4096K, 94% used [0x00000000d6800000,0x00000000d6bc6e00,0x00000000d6c00000)
  to   space 4096K, 0% used [0x00000000d6c00000,0x00000000d6c00000,0x00000000d7000000)
 ParOldGen       total 818176K, used 482321K [0x0000000080000000, 0x00000000b1f00000, 0x00000000d5580000)
  object space 818176K, 58% used [0x0000000080000000,0x000000009d7045d8,0x00000000b1f00000)
 Metaspace       used 124419K, committed 126784K, reserved 1179648K
  class space    used 16184K, committed 17280K, reserved 1048576K
}
Event: 7221.039 GC heap after
{Heap after GC invocations=3872 (full 4):
 PSYoungGen      total 16896K, used 4093K [0x00000000d5580000, 0x00000000d7c00000, 0x0000000100000000)
  eden space 12800K, 0% used [0x00000000d5580000,0x00000000d5580000,0x00000000d6200000)
  from space 4096K, 99% used [0x00000000d6c00000,0x00000000d6fff578,0x00000000d7000000)
  to   space 10240K, 0% used [0x00000000d6200000,0x00000000d6200000,0x00000000d6c00000)
 ParOldGen       total 818176K, used 487140K [0x0000000080000000, 0x00000000b1f00000, 0x00000000d5580000)
  object space 818176K, 59% used [0x0000000080000000,0x000000009dbb9328,0x00000000b1f00000)
 Metaspace       used 124419K, committed 126784K, reserved 1179648K
  class space    used 16184K, committed 17280K, reserved 1048576K
}

